<?xml version="1.0" encoding="UTF-8"?>
<!-- Generated by org.testng.reporters.JUnitReportReporter -->
<testsuite hostname="Gayathri-HP-RP0C7OG" failures="0" tests="1" name="com.automation.tests.AutomationScript" time="9.072" errors="0" timestamp="2024-10-28T01:45:31 EDT" skipped="0">
  <testcase classname="com.automation.tests.AutomationScript" name="testValidLogin" time="9.072"/>
  <system-out/>
</testsuite> <!-- com.automation.tests.AutomationScript -->
